<?xml version="1.0" encoding="UTF-8"?>
<!-- Generated by org.testng.reporters.JUnitReportReporter -->
<testsuite hostname="Swatis-MacBook-Air.local" failures="0" tests="1" name="selenium.interview.series.TakeScreeShot" time="0.009" errors="0" timestamp="2024-02-07T21:48:33 IST" skipped="0">
  <testcase classname="selenium.interview.series.TakeScreeShot" name="launchBrowserAndTakeScreenshot" time="0.009"/>
  <system-out/>
</testsuite> <!-- selenium.interview.series.TakeScreeShot -->
