<?xml version="1.0" encoding="UTF-8"?>
<!-- Generated by org.testng.reporters.JUnitReportReporter -->
<testsuite hostname="Swatis-MacBook-Air.local" failures="0" tests="1" name="selenium.interview.series.TestNGSequence" time="0.008" errors="0" timestamp="2024-01-15T14:05:56 IST" skipped="0">
  <testcase classname="selenium.interview.series.TestNGSequence" name="test" time="0.008"/>
  <system-out/>
</testsuite> <!-- selenium.interview.series.TestNGSequence -->
