<?xml version="1.0" encoding="UTF-8"?>
<!-- Generated by org.testng.reporters.JUnitReportReporter -->
<testsuite hostname="Swatis-MacBook-Air.local" failures="0" tests="1" name="selenium.interview.series.NewTabExample" time="67.510" errors="0" timestamp="2024-02-07T08:17:17 IST" skipped="0">
  <testcase classname="selenium.interview.series.NewTabExample" name="openNewTab" time="67.510"/>
  <system-out/>
</testsuite> <!-- selenium.interview.series.NewTabExample -->
