<?xml version="1.0" encoding="UTF-8"?>
<!-- Generated by org.testng.reporters.JUnitReportReporter -->
<testsuite hostname="Swatis-MacBook-Air.local" failures="0" tests="2" name="selenium.interview.series.LaunchingBrowser" time="83.019" errors="0" timestamp="2024-01-15T13:55:03 IST" skipped="0">
  <testcase classname="selenium.interview.series.LaunchingBrowser" name="launchBrowser" time="9.214"/>
  <system-out/>
  <testcase classname="selenium.interview.series.LaunchingBrowser" name="getAllLinks" time="73.805"/>
  <system-out/>
</testsuite> <!-- selenium.interview.series.LaunchingBrowser -->
